$ next build
   ▲ Next.js 14.1.0
   - Environments: .env.local

   Creating an optimized production build ...
 ⚠ For production Image Optimization with Next.js, the optional 'sharp' package is strongly recommended. Run 'npm i sharp', and Next.js will use it automatically for Image Optimization.
Read more: https://nextjs.org/docs/messages/sharp-missing-in-production

[1m[33mwarn[39m[22m - As of Tailwind CSS v2.2, `lightBlue` has been renamed to `sky`.
[1m[33mwarn[39m[22m - Update your configuration file to silence this warning.

[1m[33mwarn[39m[22m - As of Tailwind CSS v3.0, `warmGray` has been renamed to `stone`.
[1m[33mwarn[39m[22m - Update your configuration file to silence this warning.

[1m[33mwarn[39m[22m - As of Tailwind CSS v3.0, `trueGray` has been renamed to `neutral`.
[1m[33mwarn[39m[22m - Update your configuration file to silence this warning.

[1m[33mwarn[39m[22m - As of Tailwind CSS v3.0, `coolGray` has been renamed to `gray`.
[1m[33mwarn[39m[22m - Update your configuration file to silence this warning.

[1m[33mwarn[39m[22m - As of Tailwind CSS v3.0, `blueGray` has been renamed to `slate`.
[1m[33mwarn[39m[22m - Update your configuration file to silence this warning.
 ✓ Compiled successfully
   Linting and checking validity of types ...

./src/components/typewriter-effect.tsx
45:6  Warning: React Hook useEffect has a missing dependency: 'animate'. Either include it or remove the dependency array.  react-hooks/exhaustive-deps

info  - Need to disable some ESLint rules? Learn more here: https://nextjs.org/docs/basic-features/eslint#disabling-rules
   Collecting page data ...
t [PineconeArgumentError]: The client configuration must have required property: apiKey.
    at C:\Users\Maheshwar Reddy.M\OneDrive\Desktop\chatdoc\apps\web\.next\server\chunks\442.js:1:142539
    at e._validateConfig (C:\Users\Maheshwar Reddy.M\OneDrive\Desktop\chatdoc\apps\web\.next\server\chunks\442.js:1:131494)
    at new e (C:\Users\Maheshwar Reddy.M\OneDrive\Desktop\chatdoc\apps\web\.next\server\chunks\442.js:1:128657)
    at 31145 (C:\Users\Maheshwar Reddy.M\OneDrive\Desktop\chatdoc\apps\web\.next\server\app\api\fileindex\route.js:3:1732)
    at t (C:\Users\Maheshwar Reddy.M\OneDrive\Desktop\chatdoc\apps\web\.next\server\webpack-runtime.js:1:143)
    at 50273 (C:\Users\Maheshwar Reddy.M\OneDrive\Desktop\chatdoc\apps\web\.next\server\app\api\fileindex\route.js:1:1029)
    at t (C:\Users\Maheshwar Reddy.M\OneDrive\Desktop\chatdoc\apps\web\.next\server\webpack-runtime.js:1:143)
    at n (C:\Users\Maheshwar Reddy.M\OneDrive\Desktop\chatdoc\apps\web\.next\server\app\api\fileindex\route.js:3:1932)
    at C:\Users\Maheshwar Reddy.M\OneDrive\Desktop\chatdoc\apps\web\.next\server\app\api\fileindex\route.js:3:1966
    at t.X (C:\Users\Maheshwar Reddy.M\OneDrive\Desktop\chatdoc\apps\web\.next\server\webpack-runtime.js:1:1285) {
  cause: undefined
}

> Build error occurred
Error: Failed to collect page data for /api/fileindex
    at C:\Users\Maheshwar Reddy.M\OneDrive\Desktop\chatdoc\node_modules\next\dist\build\utils.js:1258:15
    at process.processTicksAndRejections (node:internal/process/task_queues:95:5) {
  type: 'Error'
}
error Command failed with exit code 1.
info Visit https://yarnpkg.com/en/docs/cli/run for documentation about this command.
