warning package.json: "dependencies" has dependency "@types/node" with range "^20.11.16" that collides with a dependency in "devDependencies" of the same name with version "^20.11.5"
$ npm run generate

> @repo/database@1.0.0 generate
> prisma generate

Environment variables loaded from .env
Prisma schema loaded from prisma\schema.prisma

âœ” Generated Prisma Client (v5.9.1) to .\..\..\node_modules\@prisma\client in 139ms

Start using Prisma Client in Node.js (See: https://pris.ly/d/client)
```
import { PrismaClient } from '@prisma/client'
const prisma = new PrismaClient()
```
or start using Prisma Client at the edge (See: https://pris.ly/d/accelerate)
```
import { PrismaClient } from '@prisma/client/edge'
const prisma = new PrismaClient()
```

See other ways of importing Prisma Client: http://pris.ly/d/importing-client

â”Œâ”€â”€â”€â”€â”€â”€â”€â”€â”€â”€â”€â”€â”€â”€â”€â”€â”€â”€â”€â”€â”€â”€â”€â”€â”€â”€â”€â”€â”€â”€â”€â”€â”€â”€â”€â”€â”€â”€â”€â”€â”€â”€â”€â”€â”€â”€â”€â”€â”€â”€â”€â”€â”€â”€â”€â”€â”€â”€â”€â”€â”€â”
â”‚  Deploying your app to serverless or edge functions?        â”‚
â”‚  Try Prisma Accelerate for connection pooling and caching.  â”‚
â”‚  https://pris.ly/cli/accelerate                             â”‚
â””â”€â”€â”€â”€â”€â”€â”€â”€â”€â”€â”€â”€â”€â”€â”€â”€â”€â”€â”€â”€â”€â”€â”€â”€â”€â”€â”€â”€â”€â”€â”€â”€â”€â”€â”€â”€â”€â”€â”€â”€â”€â”€â”€â”€â”€â”€â”€â”€â”€â”€â”€â”€â”€â”€â”€â”€â”€â”€â”€â”€â”€â”˜

$ tsup
[31mNo input files, try "tsup <your-file>" instead[39m
error Command failed with exit code 1.
info Visit https://yarnpkg.com/en/docs/cli/run for documentation about this command.
